SF:lib/app.dart
DA:9,4
DA:11,2
DA:13,2
DA:16,2
DA:17,2
DA:20,2
DA:21,2
DA:22,0
DA:23,0
DA:24,0
DA:26,2
DA:27,4
DA:28,1
DA:29,1
DA:30,0
DA:31,0
DA:32,0
DA:33,0
LF:18
LH:11
end_of_record
SF:lib/services/auth_service.dart
DA:7,6
DA:9,1
DA:10,2
DA:17,1
DA:18,2
DA:21,2
DA:24,1
DA:25,2
DA:28,1
DA:29,1
DA:32,0
DA:33,1
DA:37,1
DA:38,1
DA:41,1
DA:42,1
DA:45,1
DA:46,1
DA:52,1
DA:53,1
DA:56,1
DA:57,1
DA:58,1
DA:61,1
DA:62,2
DA:65,1
DA:66,1
DA:67,0
DA:70,1
DA:71,1
DA:74,1
DA:75,1
LF:32
LH:30
end_of_record
SF:lib/models/user.dart
DA:7,3
DA:14,2
DA:15,2
DA:16,2
DA:17,2
DA:18,2
DA:19,2
DA:20,4
DA:25,2
DA:26,2
DA:27,2
DA:28,2
DA:29,2
DA:30,4
DA:34,2
DA:40,2
DA:41,2
DA:42,2
DA:43,2
DA:44,2
DA:48,1
DA:50,4
DA:53,1
DA:56,1
DA:57,3
DA:58,3
DA:59,3
DA:60,3
DA:63,1
DA:65,3
DA:66,3
DA:67,3
DA:68,2
LF:33
LH:33
end_of_record
SF:lib/services/user_storage_service.dart
DA:7,3
DA:11,2
DA:13,2
DA:14,2
DA:15,1
DA:16,1
DA:19,3
DA:24,4
DA:26,4
DA:27,1
DA:31,1
DA:35,1
DA:36,1
DA:38,3
DA:43,2
DA:45,2
DA:46,1
DA:47,1
DA:50,3
DA:55,1
DA:57,1
DA:61,2
DA:62,1
DA:63,1
DA:64,1
DA:66,0
DA:71,2
DA:73,2
DA:77,1
DA:78,1
DA:79,1
DA:80,1
DA:82,0
DA:87,2
DA:89,2
DA:90,1
DA:91,1
DA:94,3
DA:99,0
DA:101,0
DA:102,0
DA:104,0
LF:42
LH:36
end_of_record
SF:lib/models/chat_message.dart
DA:11,1
DA:20,1
DA:21,1
DA:22,1
DA:23,1
DA:24,2
DA:25,1
DA:26,1
DA:30,1
DA:31,1
DA:32,1
DA:33,1
DA:34,2
DA:35,1
DA:36,1
DA:40,1
DA:48,1
DA:49,1
DA:50,1
DA:51,1
DA:52,1
DA:53,1
DA:54,1
DA:58,1
DA:60,6
DA:63,1
DA:66,1
DA:67,3
DA:68,3
DA:69,3
DA:70,3
DA:71,3
DA:74,1
DA:76,3
DA:77,3
DA:78,3
DA:79,3
DA:80,2
LF:38
LH:38
end_of_record
SF:lib/services/api_service.dart
DA:19,8
DA:26,1
DA:35,1
DA:44,0
DA:45,0
DA:54,0
DA:55,0
DA:63,1
DA:64,1
DA:72,0
DA:74,0
DA:81,0
DA:86,0
DA:87,0
DA:88,0
DA:90,0
DA:91,0
DA:92,0
DA:93,0
DA:102,2
DA:105,1
DA:106,2
DA:109,1
DA:110,1
DA:111,1
DA:112,1
DA:113,1
DA:114,1
DA:115,1
DA:116,1
DA:117,0
DA:120,2
DA:121,0
DA:124,1
DA:129,2
DA:130,0
DA:133,2
DA:136,0
DA:137,0
DA:138,0
DA:141,0
DA:142,0
DA:143,0
DA:144,0
DA:148,0
DA:150,0
DA:151,0
DA:152,0
DA:153,0
DA:155,0
DA:156,0
DA:157,0
DA:161,0
DA:165,1
DA:167,1
DA:168,1
DA:169,1
DA:170,1
DA:172,1
DA:173,2
DA:174,0
DA:176,0
DA:177,0
DA:180,0
DA:182,2
DA:183,0
DA:184,0
DA:185,0
DA:189,1
DA:193,1
DA:195,1
DA:196,1
DA:197,1
DA:198,1
DA:200,1
DA:201,2
DA:202,0
DA:204,0
DA:205,0
DA:208,0
DA:210,2
DA:211,0
DA:212,0
DA:213,0
DA:217,1
DA:221,1
DA:223,1
DA:224,1
DA:225,1
DA:226,1
DA:228,1
DA:229,2
DA:230,0
DA:232,0
DA:233,0
DA:236,0
DA:238,2
DA:239,0
DA:240,0
DA:241,0
DA:245,1
DA:249,1
DA:251,1
DA:252,1
DA:253,1
DA:254,1
DA:256,1
DA:257,2
DA:258,0
DA:260,0
DA:261,0
DA:264,0
DA:266,2
DA:267,0
DA:268,0
DA:269,0
DA:273,1
DA:277,0
DA:279,0
DA:280,0
DA:281,0
DA:282,0
DA:284,0
DA:285,0
DA:292,0
DA:294,0
DA:295,0
DA:296,0
DA:297,0
DA:299,0
DA:300,0
DA:301,0
DA:303,0
DA:304,0
DA:305,0
DA:308,0
DA:309,0
DA:311,0
DA:313,0
DA:314,0
DA:315,0
DA:316,0
DA:320,0
DA:324,1
DA:325,2
LF:145
LH:58
end_of_record
SF:lib/pages/settings_page.dart
DA:12,0
DA:19,0
DA:20,0
DA:24,0
DA:30,0
DA:32,0
DA:33,0
DA:36,0
DA:37,0
DA:38,0
DA:42,0
DA:43,0
DA:44,0
DA:45,0
DA:48,0
DA:50,0
DA:51,0
DA:54,0
DA:55,0
DA:56,0
DA:59,0
DA:65,0
DA:66,0
DA:74,0
DA:76,0
DA:77,0
DA:88,0
DA:89,0
DA:90,0
DA:91,0
DA:94,0
DA:95,0
DA:99,0
DA:101,0
DA:103,0
DA:104,0
DA:105,0
DA:109,0
DA:111,0
DA:112,0
DA:113,0
DA:119,0
DA:121,0
DA:123,0
DA:124,0
DA:128,0
DA:129,0
DA:145,0
DA:146,0
DA:149,0
DA:150,0
DA:151,0
DA:153,0
DA:155,0
DA:157,0
DA:163,0
DA:164,0
DA:165,0
DA:166,0
DA:169,0
DA:172,0
DA:175,0
DA:177,0
DA:179,0
DA:182,0
DA:184,0
DA:190,0
DA:191,0
DA:192,0
DA:193,0
DA:199,0
DA:205,0
DA:215,0
DA:219,0
DA:220,0
DA:221,0
DA:222,0
DA:227,0
DA:242,0
DA:251,0
DA:253,0
DA:254,0
DA:255,0
DA:256,0
DA:261,0
DA:262,0
DA:266,0
DA:267,0
DA:268,0
DA:269,0
DA:270,0
DA:271,0
DA:277,0
DA:279,0
DA:280,0
DA:281,0
DA:282,0
DA:283,0
DA:289,0
DA:290,0
DA:306,0
DA:308,0
DA:309,0
DA:315,0
DA:317,0
DA:318,0
DA:321,0
DA:323,0
DA:324,0
DA:327,0
DA:329,0
DA:331,0
DA:340,0
DA:341,0
DA:343,0
DA:359,0
DA:360,0
DA:361,0
DA:367,0
DA:368,0
DA:369,0
DA:370,0
DA:371,0
DA:389,3
DA:391,0
DA:393,0
DA:395,0
DA:408,0
DA:409,0
DA:410,0
DA:416,0
DA:417,0
LF:132
LH:1
end_of_record
SF:lib/pages/login_page.dart
DA:7,6
DA:9,2
DA:10,2
DA:18,0
DA:19,0
DA:20,0
DA:21,0
DA:22,0
DA:23,0
DA:24,0
DA:25,0
DA:26,0
DA:27,0
DA:28,0
DA:33,0
DA:34,0
DA:35,0
DA:38,0
DA:39,0
DA:42,2
DA:43,2
DA:45,0
DA:46,0
DA:47,0
DA:48,0
DA:50,0
DA:51,0
DA:52,0
DA:53,0
DA:58,0
DA:59,0
DA:60,0
DA:61,0
DA:62,0
DA:65,0
DA:66,0
DA:69,0
DA:70,0
DA:71,0
DA:74,0
DA:75,0
DA:77,0
DA:78,0
DA:80,0
DA:82,0
DA:86,0
DA:87,0
DA:88,0
DA:89,0
DA:91,0
DA:92,0
DA:93,0
DA:95,0
DA:96,0
DA:97,0
DA:98,0
DA:99,0
DA:101,0
DA:102,0
DA:108,0
DA:109,0
DA:112,0
DA:113,0
DA:114,0
DA:115,0
DA:119,2
DA:121,2
DA:122,2
DA:125,2
DA:127,2
DA:128,4
DA:129,2
DA:131,2
DA:132,2
DA:133,2
DA:134,2
DA:135,2
DA:136,2
DA:140,2
DA:141,2
DA:145,2
DA:146,2
DA:147,2
DA:148,2
DA:149,2
DA:150,2
DA:151,2
DA:152,2
DA:155,4
DA:166,0
DA:167,0
DA:168,0
DA:169,0
DA:171,0
DA:176,0
DA:177,0
DA:178,0
DA:182,0
DA:183,0
DA:184,0
DA:188,2
DA:190,4
DA:191,4
DA:192,2
DA:197,2
DA:199,2
DA:201,2
DA:202,2
DA:203,2
DA:204,2
DA:206,2
DA:207,10
DA:208,2
DA:209,2
DA:210,2
DA:211,2
DA:212,2
DA:222,3
DA:223,2
DA:225,2
DA:226,2
DA:228,2
DA:239,2
DA:255,2
DA:257,2
DA:258,2
DA:259,2
DA:261,2
DA:264,2
DA:267,2
DA:269,2
DA:271,2
DA:272,2
DA:273,2
DA:274,2
DA:277,2
DA:281,2
DA:282,2
DA:283,2
DA:284,2
DA:285,2
DA:288,2
DA:290,2
DA:302,2
DA:318,2
DA:320,2
DA:322,2
DA:323,2
DA:325,2
DA:326,2
DA:327,2
DA:333,2
DA:335,2
DA:336,2
DA:338,2
DA:339,2
DA:340,2
DA:341,2
DA:342,2
DA:346,2
DA:347,2
DA:356,2
DA:366,2
DA:368,2
DA:370,2
DA:371,2
DA:372,2
DA:374,2
DA:376,2
DA:377,2
DA:378,2
DA:381,2
DA:382,2
DA:392,2
DA:393,0
DA:394,2
DA:396,2
DA:408,0
DA:414,0
DA:416,0
DA:418,0
DA:419,0
DA:425,0
DA:426,0
DA:439,0
DA:440,0
DA:441,0
DA:450,0
DA:452,0
DA:454,0
DA:456,0
DA:457,0
DA:460,0
DA:461,0
DA:464,0
DA:465,0
DA:466,0
LF:197
LH:105
end_of_record
SF:lib/pages/home_page.dart
DA:12,3
DA:14,0
DA:18,0
DA:19,0
DA:22,0
DA:24,0
DA:26,0
DA:33,0
DA:38,0
DA:44,0
DA:53,0
DA:55,0
DA:57,0
DA:60,0
DA:62,0
DA:64,0
DA:66,0
DA:68,0
DA:71,0
DA:81,3
DA:83,0
DA:85,0
DA:86,0
DA:89,0
DA:91,0
DA:109,0
DA:111,0
DA:113,0
DA:118,0
DA:119,0
DA:123,0
DA:125,0
DA:126,0
DA:130,0
DA:134,0
DA:136,0
DA:140,0
DA:142,0
DA:146,0
DA:153,0
DA:154,0
DA:156,0
DA:158,0
DA:163,0
DA:164,0
DA:165,0
DA:181,0
DA:188,0
DA:190,0
DA:193,0
DA:194,0
DA:196,0
DA:197,0
DA:198,0
DA:199,0
DA:201,0
DA:204,0
DA:205,0
DA:207,0
DA:208,0
DA:209,0
DA:222,0
DA:223,0
DA:224,0
LF:64
LH:2
end_of_record
SF:lib/pages/chatbot_page.dart
DA:14,3
DA:16,0
DA:17,0
DA:48,0
DA:50,0
DA:51,0
DA:52,0
DA:53,0
DA:54,0
DA:55,0
DA:56,0
DA:59,0
DA:61,0
DA:62,0
DA:63,0
DA:64,0
DA:65,0
DA:66,0
DA:67,0
DA:70,0
DA:72,0
DA:73,0
DA:74,0
DA:78,0
DA:80,0
DA:81,0
DA:82,0
DA:83,0
DA:84,0
DA:88,0
DA:93,0
DA:95,0
DA:100,0
DA:102,0
DA:104,0
DA:105,0
DA:106,0
DA:110,0
DA:115,0
DA:116,0
DA:119,0
DA:121,0
DA:124,0
DA:128,0
DA:131,0
DA:134,0
DA:135,0
DA:136,0
DA:137,0
DA:141,0
DA:142,0
DA:144,0
DA:145,0
DA:147,0
DA:148,0
DA:154,0
DA:155,0
DA:156,0
DA:158,0
DA:161,0
DA:165,0
DA:166,0
DA:167,0
DA:168,0
DA:172,0
DA:174,0
DA:177,0
DA:178,0
DA:179,0
DA:182,0
DA:186,0
DA:187,0
DA:188,0
DA:192,0
DA:193,0
DA:195,0
DA:196,0
DA:197,0
DA:200,0
DA:206,0
DA:207,0
DA:208,0
DA:212,0
DA:215,0
DA:216,0
DA:219,0
DA:222,0
DA:225,0
DA:226,0
DA:227,0
DA:231,0
DA:237,0
DA:239,0
DA:241,0
DA:246,0
DA:247,0
DA:248,0
DA:249,0
DA:250,0
DA:258,0
DA:260,0
DA:262,0
DA:263,0
DA:265,0
DA:266,0
DA:269,0
DA:270,0
DA:271,0
DA:277,0
DA:282,0
DA:284,0
DA:287,0
DA:288,0
DA:289,0
DA:290,0
DA:292,0
DA:294,0
DA:295,0
DA:296,0
DA:297,0
DA:298,0
DA:299,0
DA:300,0
DA:301,0
DA:302,0
DA:303,0
DA:304,0
DA:308,0
DA:310,0
DA:323,0
DA:327,0
DA:335,0
DA:336,0
DA:338,0
DA:343,0
DA:344,0
DA:345,0
DA:346,0
DA:347,0
DA:357,0
DA:360,0
DA:365,0
DA:366,0
DA:378,0
DA:379,0
DA:381,0
DA:382,0
DA:383,0
DA:384,0
DA:385,0
DA:386,0
DA:387,0
DA:388,0
DA:396,0
DA:397,0
DA:398,0
DA:403,0
DA:404,0
DA:405,0
DA:406,0
DA:425,0
DA:426,0
DA:429,0
DA:431,0
DA:433,0
DA:436,0
DA:438,0
DA:439,0
DA:442,0
DA:443,0
DA:444,0
DA:445,0
DA:447,0
DA:450,0
DA:452,0
DA:454,0
DA:458,0
DA:461,0
DA:462,0
DA:463,0
DA:464,0
DA:465,0
DA:470,0
DA:473,0
DA:474,0
DA:479,0
DA:483,0
DA:484,0
DA:485,0
DA:495,0
DA:501,0
DA:503,0
DA:509,0
DA:510,0
DA:511,0
DA:513,0
DA:515,0
DA:525,0
DA:526,0
DA:527,0
DA:532,0
DA:533,0
DA:534,0
DA:535,0
DA:537,0
DA:542,0
DA:543,0
DA:547,0
DA:548,0
DA:549,0
DA:552,0
DA:558,0
DA:563,0
DA:565,0
DA:574,0
DA:575,0
DA:577,0
DA:580,0
DA:585,0
DA:586,0
DA:587,0
DA:589,0
DA:591,0
DA:597,0
DA:598,0
DA:599,0
DA:604,0
DA:609,0
DA:613,0
DA:614,0
DA:615,0
DA:616,0
DA:622,0
DA:623,0
DA:624,0
DA:640,0
DA:641,0
DA:642,0
DA:643,0
DA:644,0
DA:645,0
DA:646,0
DA:648,0
DA:649,0
DA:650,0
DA:657,0
DA:658,0
DA:659,0
DA:660,0
DA:661,0
DA:662,0
DA:678,0
DA:679,0
DA:680,0
DA:681,0
DA:682,0
DA:687,0
DA:690,0
DA:696,0
DA:697,0
DA:698,0
DA:699,0
DA:721,0
DA:723,0
DA:726,0
DA:727,0
DA:729,0
DA:733,0
DA:734,0
DA:735,0
DA:741,0
DA:742,0
DA:745,0
DA:747,0
DA:748,0
DA:750,0
DA:751,0
DA:752,0
DA:753,0
DA:754,0
DA:759,0
DA:760,0
DA:761,0
DA:762,0
DA:772,0
DA:777,0
DA:778,0
DA:783,0
DA:788,0
DA:793,0
DA:805,0
DA:808,0
DA:810,0
DA:811,0
DA:813,0
DA:814,0
DA:816,0
DA:818,0
DA:819,0
DA:820,0
DA:821,0
DA:823,0
DA:825,0
DA:833,0
DA:834,0
DA:835,0
DA:851,0
DA:858,0
DA:859,0
DA:866,0
DA:868,0
DA:869,0
DA:870,0
DA:873,0
DA:875,0
DA:876,0
DA:877,0
DA:878,0
DA:881,0
DA:886,0
DA:888,0
DA:889,0
DA:892,0
DA:894,0
DA:899,3
DA:901,0
DA:902,0
DA:909,0
DA:911,0
DA:912,0
DA:915,0
DA:918,0
DA:920,0
DA:921,0
DA:924,0
DA:926,0
DA:927,0
DA:928,0
DA:929,0
DA:930,0
DA:931,0
LF:341
LH:2
end_of_record
SF:lib/pages/charts_page.dart
DA:14,4
DA:16,1
DA:17,1
DA:37,1
DA:39,1
DA:40,2
DA:41,2
DA:45,3
DA:46,2
DA:49,1
DA:52,1
DA:54,1
DA:56,2
DA:59,2
DA:60,2
DA:62,2
DA:64,2
DA:65,1
DA:69,1
DA:70,2
DA:74,2
DA:75,1
DA:76,1
DA:80,4
DA:81,2
DA:86,2
DA:87,2
DA:88,2
DA:89,2
DA:90,2
DA:93,0
DA:94,0
DA:95,0
DA:96,0
DA:97,0
DA:98,0
DA:102,1
DA:103,2
DA:104,2
DA:106,2
DA:109,1
DA:110,2
DA:111,1
DA:114,1
DA:115,2
DA:116,0
DA:117,0
DA:124,1
DA:125,1
DA:126,1
DA:127,1
DA:129,1
DA:131,1
DA:134,0
DA:137,0
DA:141,1
DA:142,3
DA:143,1
DA:144,1
DA:145,1
DA:148,2
DA:149,1
DA:150,1
DA:168,1
DA:170,1
DA:172,1
DA:173,3
DA:178,1
DA:179,1
DA:184,1
DA:186,0
DA:188,1
DA:190,1
DA:191,1
DA:192,2
DA:193,0
DA:195,0
DA:200,1
DA:201,1
DA:202,1
DA:203,1
DA:204,4
DA:205,1
DA:207,2
DA:215,1
DA:217,1
DA:221,1
DA:222,1
DA:237,1
DA:254,1
DA:255,1
DA:256,1
DA:259,0
DA:260,0
DA:261,0
DA:262,0
DA:263,0
DA:264,0
DA:270,1
DA:271,1
DA:272,1
DA:274,1
DA:276,1
DA:277,1
DA:280,1
DA:283,1
DA:285,1
DA:291,1
DA:292,1
DA:294,1
DA:299,1
DA:300,1
DA:303,1
DA:319,1
DA:320,1
DA:321,1
DA:322,2
DA:352,1
DA:353,1
DA:354,0
DA:374,0
DA:376,0
DA:378,0
DA:386,0
DA:387,0
DA:388,0
DA:390,0
DA:392,0
DA:394,0
DA:396,0
DA:397,0
DA:398,0
DA:399,0
DA:401,0
DA:408,0
DA:409,0
DA:411,0
DA:422,0
DA:424,0
DA:425,0
DA:432,0
DA:433,0
DA:434,0
DA:438,0
DA:439,0
DA:441,0
DA:442,0
DA:443,0
DA:444,0
DA:447,0
DA:450,0
DA:451,0
DA:452,0
DA:453,0
DA:454,0
DA:456,0
DA:468,0
DA:470,0
DA:472,0
DA:480,0
DA:481,0
DA:484,0
DA:486,0
DA:488,0
DA:490,0
DA:491,0
DA:492,0
DA:493,0
DA:495,0
DA:502,0
DA:503,0
DA:505,0
DA:516,0
DA:519,0
DA:532,0
DA:534,0
DA:536,0
DA:544,0
DA:545,0
DA:548,0
DA:549,0
DA:552,0
DA:554,0
DA:556,0
DA:558,0
DA:559,0
DA:560,0
DA:561,0
DA:563,0
DA:570,0
DA:571,0
DA:573,0
DA:584,0
DA:585,0
DA:588,0
DA:594,0
DA:595,0
DA:598,0
DA:605,0
DA:606,0
DA:607,0
DA:608,0
DA:609,0
DA:611,0
DA:627,0
DA:635,0
DA:637,0
DA:639,0
DA:641,0
DA:642,0
DA:643,0
DA:647,0
DA:649,0
DA:650,0
DA:651,0
DA:652,0
DA:654,0
DA:655,0
DA:656,0
DA:658,0
DA:661,0
DA:662,0
DA:663,0
DA:664,0
DA:665,0
DA:669,0
DA:670,0
DA:671,0
DA:672,0
DA:682,0
DA:684,0
DA:685,0
DA:686,0
DA:700,0
DA:706,0
DA:708,0
DA:710,0
DA:712,0
DA:713,0
DA:714,0
DA:718,0
DA:720,0
DA:721,0
DA:722,0
DA:723,0
DA:728,0
DA:730,0
DA:731,0
DA:732,0
DA:735,0
DA:736,0
DA:748,3
DA:753,0
DA:755,0
DA:757,0
DA:758,0
DA:760,0
DA:761,0
DA:762,0
DA:764,0
DA:767,0
DA:768,0
DA:769,0
DA:790,0
DA:792,0
DA:794,0
DA:796,0
DA:797,0
DA:799,0
DA:800,0
DA:802,0
DA:803,0
DA:804,0
DA:805,0
DA:806,0
DA:807,0
DA:808,0
DA:817,0
DA:825,0
DA:826,0
DA:828,0
DA:829,0
DA:830,0
DA:831,0
DA:833,0
DA:834,0
DA:836,0
DA:838,0
DA:852,0
DA:853,0
DA:855,0
DA:857,0
DA:858,0
DA:859,0
DA:869,0
DA:873,0
DA:874,0
DA:875,0
DA:876,0
DA:881,0
DA:882,0
DA:883,0
DA:884,0
DA:886,0
DA:888,0
DA:889,0
DA:897,0
DA:898,0
DA:903,0
DA:909,0
DA:910,0
DA:911,0
DA:912,0
DA:913,0
DA:914,0
DA:917,0
DA:918,0
DA:919,0
DA:920,0
DA:921,0
DA:923,0
DA:926,0
DA:927,0
DA:928,0
DA:929,0
DA:930,0
DA:932,0
DA:940,0
DA:942,0
DA:944,0
DA:946,0
DA:947,0
DA:949,0
DA:951,0
DA:952,0
DA:953,0
DA:957,0
DA:959,0
DA:967,0
DA:973,0
DA:974,0
DA:977,0
DA:978,0
DA:979,0
DA:980,0
DA:981,0
DA:982,0
DA:984,0
DA:986,0
DA:987,0
DA:988,0
DA:991,0
DA:994,0
DA:995,0
DA:997,0
DA:998,0
DA:1007,0
DA:1008,0
DA:1020,0
DA:1024,0
DA:1025,0
DA:1027,0
DA:1030,0
DA:1031,0
DA:1032,0
DA:1033,0
DA:1034,0
DA:1036,0
DA:1037,0
DA:1038,0
DA:1039,0
DA:1048,0
DA:1051,0
DA:1052,0
DA:1061,0
DA:1069,0
DA:1071,0
DA:1073,0
DA:1075,0
DA:1076,0
DA:1078,0
DA:1079,0
DA:1081,0
DA:1082,0
DA:1083,0
DA:1084,0
DA:1085,0
DA:1086,0
DA:1087,0
DA:1096,0
DA:1104,0
DA:1105,0
DA:1107,0
DA:1108,0
DA:1109,0
DA:1110,0
DA:1111,0
DA:1113,0
DA:1114,0
DA:1128,0
DA:1129,0
DA:1131,0
DA:1133,0
DA:1134,0
DA:1135,0
DA:1145,0
DA:1149,0
DA:1150,0
DA:1151,0
DA:1152,0
DA:1157,0
DA:1158,0
DA:1159,0
DA:1160,0
DA:1161,0
DA:1163,0
DA:1165,0
DA:1166,0
DA:1168,0
DA:1177,0
DA:1183,0
DA:1184,0
DA:1185,0
DA:1186,0
DA:1187,0
DA:1188,0
DA:1191,0
DA:1192,0
DA:1194,0
DA:1196,0
DA:1198,0
DA:1200,0
DA:1202,0
DA:1205,0
DA:1209,0
DA:1210,0
DA:1212,0
DA:1214,0
DA:1216,0
DA:1218,0
DA:1220,0
DA:1232,0
DA:1234,0
DA:1236,0
DA:1238,0
DA:1239,0
DA:1240,0
DA:1241,0
DA:1242,0
DA:1243,0
DA:1244,0
DA:1246,0
DA:1249,0
DA:1251,0
DA:1253,0
DA:1254,0
DA:1256,0
DA:1257,0
DA:1261,0
DA:1262,0
DA:1264,0
DA:1267,0
DA:1268,0
DA:1271,0
DA:1272,0
DA:1273,0
DA:1285,0
DA:1286,0
DA:1288,0
DA:1289,0
DA:1291,0
DA:1297,0
DA:1298,0
DA:1310,0
DA:1312,0
DA:1313,0
DA:1314,0
DA:1315,0
DA:1322,0
DA:1323,0
DA:1334,0
DA:1338,0
DA:1340,0
DA:1342,0
DA:1344,0
DA:1351,0
DA:1353,0
DA:1355,0
DA:1357,0
DA:1364,0
DA:1365,0
DA:1366,0
DA:1367,0
DA:1368,0
DA:1370,0
DA:1373,0
DA:1374,0
DA:1376,0
DA:1378,0
DA:1379,0
DA:1380,0
LF:501
LH:101
end_of_record
SF:lib/pages/chat_history_page.dart
DA:7,3
DA:9,0
DA:10,0
DA:18,0
DA:20,0
DA:21,0
DA:24,0
DA:25,0
DA:26,0
DA:27,0
DA:30,0
DA:31,0
DA:32,0
DA:33,0
DA:36,0
DA:37,0
DA:38,0
DA:43,0
DA:44,0
DA:45,0
DA:46,0
DA:53,0
DA:54,0
DA:55,0
DA:56,0
DA:58,0
DA:63,0
DA:64,0
DA:65,0
DA:67,0
DA:73,0
DA:74,0
DA:78,0
DA:80,0
DA:82,0
DA:83,0
DA:84,0
DA:92,0
DA:93,0
DA:102,0
DA:103,0
DA:104,0
DA:110,0
DA:111,0
DA:112,0
DA:113,0
DA:118,0
DA:120,0
DA:122,0
DA:125,0
DA:127,0
DA:133,0
DA:134,0
DA:135,0
DA:140,0
DA:145,0
DA:149,0
DA:150,0
DA:155,0
DA:156,0
DA:158,0
DA:159,0
DA:161,0
DA:164,0
DA:165,0
DA:166,0
DA:168,0
DA:170,0
DA:173,0
DA:174,0
DA:179,0
DA:180,0
DA:181,0
DA:195,0
DA:196,0
DA:197,0
DA:199,0
DA:201,0
DA:202,0
DA:205,0
DA:218,0
DA:220,0
DA:232,0
DA:233,0
DA:234,0
DA:237,0
DA:239,0
DA:240,0
DA:241,0
DA:242,0
DA:244,0
DA:256,0
DA:258,0
DA:260,0
DA:261,0
DA:263,0
DA:264,0
DA:265,0
DA:269,0
DA:271,0
DA:274,0
DA:276,0
DA:278,0
DA:279,0
DA:280,0
DA:281,0
DA:282,0
DA:284,0
DA:285,0
DA:286,0
DA:289,0
DA:290,0
DA:291,0
DA:300,0
DA:301,0
DA:303,0
DA:304,0
DA:305,0
DA:306,0
DA:313,0
DA:314,0
DA:315,0
DA:317,0
DA:326,0
DA:327,0
DA:328,0
DA:347,0
DA:348,0
DA:351,0
DA:352,0
DA:359,0
DA:361,0
DA:363,0
DA:365,0
DA:368,0
DA:370,0
DA:372,0
DA:374,0
DA:376,0
DA:377,0
DA:378,0
DA:379,0
DA:385,0
DA:386,0
DA:387,0
DA:389,0
DA:390,0
DA:391,0
DA:396,0
DA:404,0
DA:406,0
DA:408,0
DA:409,0
DA:410,0
DA:416,0
DA:417,0
DA:420,0
DA:422,0
DA:423,0
DA:425,0
DA:426,0
DA:427,0
DA:428,0
LF:163
LH:1
end_of_record
SF:lib/services/chat_history_service.dart
DA:7,0
DA:11,0
DA:16,0
DA:17,0
DA:18,0
DA:19,0
DA:20,0
DA:21,0
DA:22,0
DA:23,0
DA:26,0
DA:30,0
DA:35,0
DA:36,0
DA:39,0
DA:43,0
DA:44,0
DA:46,0
DA:48,0
DA:50,0
DA:51,0
DA:53,0
DA:54,0
DA:58,0
DA:60,0
DA:61,0
DA:63,0
DA:65,0
DA:66,0
DA:67,0
DA:68,0
DA:69,0
DA:70,0
DA:71,0
DA:74,0
DA:79,0
DA:82,0
DA:83,0
DA:87,0
DA:89,0
DA:90,0
DA:92,0
DA:96,0
DA:101,0
DA:103,0
DA:104,0
DA:106,0
DA:107,0
DA:110,0
DA:113,0
DA:118,0
DA:119,0
DA:122,0
DA:123,0
DA:124,0
DA:127,0
DA:129,0
DA:130,0
DA:133,0
DA:134,0
DA:136,0
DA:137,0
DA:139,0
DA:143,0
DA:145,0
DA:146,0
DA:148,0
DA:149,0
DA:150,0
DA:153,0
DA:163,0
DA:169,0
DA:170,0
DA:171,0
DA:172,0
DA:175,0
DA:178,0
DA:181,0
DA:182,0
LF:79
LH:0
end_of_record
SF:lib/services/mock_data_service.dart
DA:8,1
DA:9,1
DA:10,1
DA:11,1
DA:12,1
DA:13,1
DA:14,1
DA:15,1
DA:16,1
DA:17,1
DA:18,1
DA:19,1
DA:20,1
DA:21,1
DA:26,1
DA:27,1
DA:28,1
DA:33,1
DA:34,1
DA:35,1
DA:40,1
DA:41,1
DA:42,1
DA:47,1
DA:48,1
DA:49,1
DA:50,1
DA:51,1
DA:52,1
DA:53,1
DA:58,1
DA:59,1
DA:60,1
DA:66,1
DA:72,1
DA:78,1
DA:84,1
DA:90,1
DA:96,1
DA:106,1
DA:107,1
DA:117,1
DA:118,1
DA:123,1
DA:124,2
DA:127,0
DA:129,0
DA:132,0
DA:133,0
DA:136,0
DA:137,0
DA:140,0
DA:141,0
DA:145,0
DA:146,0
DA:147,0
DA:151,0
LF:57
LH:45
end_of_record
